<?xml version="1.0" encoding="UTF-8"?>
<testsuite xmlns:xsi="http://www.w3.org/2001/XMLSchema-instance" xsi:noNamespaceSchemaLocation="https://maven.apache.org/surefire/maven-surefire-plugin/xsd/surefire-test-report-3.0.xsd" version="3.0" name="CalculatorAppTest" time="0.02" tests="5" errors="0" skipped="0" failures="0">
  <properties>
[...]
</properties>
  <testcase name="divisionByZeroTest" classname="CalculatorAppTest" time="0.009"/>
  <testcase name="divisionTest" classname="CalculatorAppTest" time="0.002"/>
  <testcase name="additionTest" classname="CalculatorAppTest" time="0.001"/>
  <testcase name="multiplicationTest" classname="CalculatorAppTest" time="0.001"/>
  <testcase name="subtractionTest" classname="CalculatorAppTest" time="0.001"/>
</testsuite>